<?xml version="1.0" encoding="UTF-8"?>
<!-- Generated by org.testng.reporters.JUnitXMLReporter -->
<testsuite hostname="OWCALW104SCN" ignored="0" name="Dstillery Application Test Cases" tests="23" failures="0" timestamp="22 Apr 2019 01:19:56 GMT" time="430.972" errors="0">
  <testcase name="VerifyDownloadTaxonomyButton" time="10.508" classname="Exercise_3_File_Download.VerifyDownloadTaxonomyButton"/>
  <testcase name="VerifySearchPageTitleTest" time="0.095" classname="com.dstillery.qa.testcases.SearchPageTest"/>
  <testcase name="VerifyDogResultsetSize" time="9.927" classname="com.dstillery.qa.testcases.SearchResultsPageTest"/>
  <testcase name="verifyDogLoversAudienceLabel" time="15.854" classname="com.dstillery.qa.testcases.AudienceDetailsPageTest"/>
  <testcase name="VerifyDogSearchResultspageAppearance" time="12.875" classname="com.dstillery.qa.testcases.SearchPageTest"/>
  <testcase name="VerifyDogResultsHeadingtext" time="9.936" classname="com.dstillery.qa.testcases.SearchResultsPageTest"/>
  <testcase name="verifyCatLoversAudienceLabel" time="16.118" classname="com.dstillery.qa.testcases.AudienceDetailsPageTest"/>
  <testcase name="VerifyCatSearchresultspageAppearance" time="12.781" classname="com.dstillery.qa.testcases.SearchPageTest"/>
  <testcase name="VerifyDogResultssetlinksTexts" time="12.337" classname="com.dstillery.qa.testcases.SearchResultsPageTest"/>
  <testcase name="verifyBirdWatchingAudienceLabel" time="15.715" classname="com.dstillery.qa.testcases.AudienceDetailsPageTest"/>
  <testcase name="VerifyBirdSearchresultspageAppearance" time="13.617" classname="com.dstillery.qa.testcases.SearchPageTest"/>
  <testcase name="VerifyDogLoversLinkText" time="13.025" classname="com.dstillery.qa.testcases.SearchResultsPageTest"/>
  <testcase name="VerifyDogLoversLink" time="15.808" classname="com.dstillery.qa.testcases.SearchResultsPageTest"/>
  <testcase name="VerifyCatResultsetSize" time="10.094" classname="com.dstillery.qa.testcases.SearchResultsPageTest"/>
  <testcase name="VerifyCatResultsHeadingtext" time="9.876" classname="com.dstillery.qa.testcases.SearchResultsPageTest"/>
  <testcase name="VerifyCatLoversLinkText" time="13.235" classname="com.dstillery.qa.testcases.SearchResultsPageTest"/>
  <testcase name="VerifyCatLoversLink" time="15.889" classname="com.dstillery.qa.testcases.SearchResultsPageTest"/>
  <testcase name="VerifyCatResultssetlinksTexts" time="12.394" classname="com.dstillery.qa.testcases.SearchResultsPageTest"/>
  <testcase name="VerifyBirdResultsetSize" time="10.084" classname="com.dstillery.qa.testcases.SearchResultsPageTest"/>
  <testcase name="VerifyBirdResultsHeadingtext" time="9.828" classname="com.dstillery.qa.testcases.SearchResultsPageTest"/>
  <testcase name="VerifyBirdWatchingLinkText" time="13.119" classname="com.dstillery.qa.testcases.SearchResultsPageTest"/>
  <testcase name="VerifyBirdLoversLink" time="15.933" classname="com.dstillery.qa.testcases.SearchResultsPageTest"/>
  <testcase name="VerifyBirdResultssetlinksTexts" time="12.594" classname="com.dstillery.qa.testcases.SearchResultsPageTest"/>
</testsuite> <!-- Dstillery Application Test Cases -->
